<?xml version="1.0" encoding="UTF-8"?>
<testng-results ignored="0" total="4" passed="4" failed="0" skipped="0">
  <reporter-output>
  </reporter-output>
  <suite started-at="2026-04-20T23:40:05 IST" name="AutomationSuite" finished-at="2026-04-20T23:40:13 IST" duration-ms="7345">
    <groups>
    </groups>
    <test started-at="2026-04-20T23:40:05 IST" name="TC002_ITER_3" finished-at="2026-04-20T23:40:12 IST" duration-ms="7163">
      <class name="api.WebFramework.DynamicTest">
        <test-method signature="execute(java.lang.String,java.lang.String)[pri:0, instance:api.WebFramework.DynamicTest@2133814f]" started-at="2026-04-20T23:40:05 IST" name="execute" finished-at="2026-04-20T23:40:12 IST" duration-ms="6879" status="PASS">
          <params>
            <param index="0">
              <value>
                <![CDATA[[{class=otherTest.LoginTest, method=testLogin}]]]>
              </value>
            </param>
            <param index="1">
              <value>
                <![CDATA[{iteration=3, email=, password=}]]>
              </value>
            </param>
          </params>
          <reporter-output>
          </reporter-output>
        </test-method> <!-- execute -->
      </class> <!-- api.WebFramework.DynamicTest -->
    </test> <!-- TC002_ITER_3 -->
    <test started-at="2026-04-20T23:40:05 IST" name="TC002_ITER_1" finished-at="2026-04-20T23:40:12 IST" duration-ms="7163">
      <class name="api.WebFramework.DynamicTest">
        <test-method signature="execute(java.lang.String,java.lang.String)[pri:0, instance:api.WebFramework.DynamicTest@6293abcc]" started-at="2026-04-20T23:40:05 IST" name="execute" finished-at="2026-04-20T23:40:12 IST" duration-ms="6896" status="PASS">
          <params>
            <param index="0">
              <value>
                <![CDATA[[{class=otherTest.LoginTest, method=testLogin}]]]>
              </value>
            </param>
            <param index="1">
              <value>
                <![CDATA[{iteration=1, email=rahulshettyacademy, password=}]]>
              </value>
            </param>
          </params>
          <reporter-output>
          </reporter-output>
        </test-method> <!-- execute -->
      </class> <!-- api.WebFramework.DynamicTest -->
    </test> <!-- TC002_ITER_1 -->
    <test started-at="2026-04-20T23:40:05 IST" name="TC001_ITER_1" finished-at="2026-04-20T23:40:12 IST" duration-ms="7163">
      <class name="api.WebFramework.DynamicTest">
        <test-method signature="execute(java.lang.String,java.lang.String)[pri:0, instance:api.WebFramework.DynamicTest@2c34f934]" started-at="2026-04-20T23:40:05 IST" name="execute" finished-at="2026-04-20T23:40:12 IST" duration-ms="6904" status="PASS">
          <params>
            <param index="0">
              <value>
                <![CDATA[[{class=otherTest.LoginTest, method=testLogin}]]]>
              </value>
            </param>
            <param index="1">
              <value>
                <![CDATA[{iteration=1, email=rahulshettyacademy, password=Learning@830$3mK2}]]>
              </value>
            </param>
          </params>
          <reporter-output>
          </reporter-output>
        </test-method> <!-- execute -->
      </class> <!-- api.WebFramework.DynamicTest -->
    </test> <!-- TC001_ITER_1 -->
    <test started-at="2026-04-20T23:40:05 IST" name="TC002_ITER_2" finished-at="2026-04-20T23:40:13 IST" duration-ms="7345">
      <class name="api.WebFramework.DynamicTest">
        <test-method signature="execute(java.lang.String,java.lang.String)[pri:0, instance:api.WebFramework.DynamicTest@7fc2413d]" started-at="2026-04-20T23:40:05 IST" name="execute" finished-at="2026-04-20T23:40:13 IST" duration-ms="7099" status="PASS">
          <params>
            <param index="0">
              <value>
                <![CDATA[[{class=otherTest.LoginTest, method=testLogin}]]]>
              </value>
            </param>
            <param index="1">
              <value>
                <![CDATA[{iteration=2, email=, password=Learning}]]>
              </value>
            </param>
          </params>
          <reporter-output>
          </reporter-output>
        </test-method> <!-- execute -->
      </class> <!-- api.WebFramework.DynamicTest -->
    </test> <!-- TC002_ITER_2 -->
  </suite> <!-- AutomationSuite -->
</testng-results>
