<?xml version="1.0" encoding="UTF-8"?>
<!-- Generated by org.testng.reporters.JUnitReportReporter -->
<testsuite hostname="Anudeeps-MacBook-Air.local" failures="0" tests="4" name="api.WebFramework.DynamicTest" time="27.778" errors="0" timestamp="2026-04-20T23:40:13 IST" skipped="0">
  <testcase classname="api.WebFramework.DynamicTest" name="execute" time="6.879"/>
  <testcase classname="api.WebFramework.DynamicTest" name="execute" time="6.904"/>
  <testcase classname="api.WebFramework.DynamicTest" name="execute" time="6.896"/>
  <testcase classname="api.WebFramework.DynamicTest" name="execute" time="7.099"/>
</testsuite> <!-- api.WebFramework.DynamicTest -->
